[22-Sep-2018 14:51:09 UTC] PHP Fatal error:  Function name must be a string in /home/ubuntu/workspace/cst336/Labs/Lab2/index.php on line 25
[22-Sep-2018 14:51:09 UTC] PHP Stack trace:
[22-Sep-2018 14:51:09 UTC] PHP   1. {main}() /home/ubuntu/workspace/cst336/Labs/Lab2/index.php:0
[22-Sep-2018 14:51:09 UTC] PHP   2. display() /home/ubuntu/workspace/cst336/Labs/Lab2/index.php:12
[21-Oct-2018 02:05:31 UTC] PHP Warning:  include(wmapiphp): failed to open stream: No such file or directory in /home/ubuntu/workspace/cst336/Labs/Lab5/index.php on line 16
[21-Oct-2018 02:05:31 UTC] PHP Stack trace:
[21-Oct-2018 02:05:31 UTC] PHP   1. {main}() /home/ubuntu/workspace/cst336/Labs/Lab5/index.php:0
[21-Oct-2018 02:05:31 UTC] PHP Warning:  include(): Failed opening 'wmapiphp' for inclusion (include_path='.:/usr/share/php:/usr/share/pear') in /home/ubuntu/workspace/cst336/Labs/Lab5/index.php on line 16
[21-Oct-2018 02:05:31 UTC] PHP Stack trace:
[21-Oct-2018 02:05:31 UTC] PHP   1. {main}() /home/ubuntu/workspace/cst336/Labs/Lab5/index.php:0
[21-Oct-2018 02:05:31 UTC] PHP Fatal error:  Call to undefined function getProducts() in /home/ubuntu/workspace/cst336/Labs/Lab5/index.php on line 17
[21-Oct-2018 02:05:31 UTC] PHP Stack trace:
[21-Oct-2018 02:05:31 UTC] PHP   1. {main}() /home/ubuntu/workspace/cst336/Labs/Lab5/index.php:0
[21-Oct-2018 06:42:00 UTC] PHP Parse error:  syntax error, unexpected ')', expecting ']' in /home/ubuntu/workspace/cst336/Labs/Lab5/index.php on line 39
[21-Oct-2018 06:43:05 UTC] PHP Parse error:  syntax error, unexpected end of file in /home/ubuntu/workspace/cst336/Labs/Lab5/index.php on line 90
[27-Oct-2018 16:36:58 UTC] PHP Fatal error:  Uncaught exception 'PDOException' with message 'SQLSTATE[42000]: Syntax error or access violation: 1065 Query was empty' in /home/ubuntu/workspace/cst336/Labs/Lab6/index.php:59
Stack trace:
#0 /home/ubuntu/workspace/cst336/Labs/Lab6/index.php(59): PDOStatement->execute(NULL)
#1 /home/ubuntu/workspace/cst336/Labs/Lab6/index.php(102): displaySearchResults()
#2 {main}
  thrown in /home/ubuntu/workspace/cst336/Labs/Lab6/index.php on line 59
[27-Oct-2018 16:44:15 UTC] PHP Warning:  Invalid argument supplied for foreach() in /home/ubuntu/workspace/cst336/Labs/Lab6/purchaseHistory.php on line 21
[27-Oct-2018 16:44:15 UTC] PHP Stack trace:
[27-Oct-2018 16:44:15 UTC] PHP   1. {main}() /home/ubuntu/workspace/cst336/Labs/Lab6/purchaseHistory.php:0
[27-Oct-2018 16:59:41 UTC] PHP Warning:  Invalid argument supplied for foreach() in /home/ubuntu/workspace/cst336/Labs/Lab6/purchaseHistory.php on line 22
[27-Oct-2018 16:59:41 UTC] PHP Stack trace:
[27-Oct-2018 16:59:41 UTC] PHP   1. {main}() /home/ubuntu/workspace/cst336/Labs/Lab6/purchaseHistory.php:0
[27-Oct-2018 16:59:43 UTC] PHP Warning:  Invalid argument supplied for foreach() in /home/ubuntu/workspace/cst336/Labs/Lab6/purchaseHistory.php on line 22
[27-Oct-2018 16:59:43 UTC] PHP Stack trace:
[27-Oct-2018 16:59:43 UTC] PHP   1. {main}() /home/ubuntu/workspace/cst336/Labs/Lab6/purchaseHistory.php:0
[27-Oct-2018 17:16:07 UTC] PHP Warning:  Invalid argument supplied for foreach() in /home/ubuntu/workspace/cst336/Labs/Lab6/purchaseHistory.php on line 22
[27-Oct-2018 17:16:07 UTC] PHP Stack trace:
[27-Oct-2018 17:16:07 UTC] PHP   1. {main}() /home/ubuntu/workspace/cst336/Labs/Lab6/purchaseHistory.php:0
[27-Oct-2018 17:16:28 UTC] PHP Warning:  Invalid argument supplied for foreach() in /home/ubuntu/workspace/cst336/Labs/Lab6/purchaseHistory.php on line 22
[27-Oct-2018 17:16:28 UTC] PHP Stack trace:
[27-Oct-2018 17:16:28 UTC] PHP   1. {main}() /home/ubuntu/workspace/cst336/Labs/Lab6/purchaseHistory.php:0
[27-Oct-2018 17:16:32 UTC] PHP Warning:  Invalid argument supplied for foreach() in /home/ubuntu/workspace/cst336/Labs/Lab6/purchaseHistory.php on line 22
[27-Oct-2018 17:16:32 UTC] PHP Stack trace:
[27-Oct-2018 17:16:32 UTC] PHP   1. {main}() /home/ubuntu/workspace/cst336/Labs/Lab6/purchaseHistory.php:0
[27-Oct-2018 17:16:35 UTC] PHP Warning:  Invalid argument supplied for foreach() in /home/ubuntu/workspace/cst336/Labs/Lab6/purchaseHistory.php on line 22
[27-Oct-2018 17:16:35 UTC] PHP Stack trace:
[27-Oct-2018 17:16:35 UTC] PHP   1. {main}() /home/ubuntu/workspace/cst336/Labs/Lab6/purchaseHistory.php:0
[27-Oct-2018 17:16:38 UTC] PHP Warning:  Invalid argument supplied for foreach() in /home/ubuntu/workspace/cst336/Labs/Lab6/purchaseHistory.php on line 22
[27-Oct-2018 17:16:38 UTC] PHP Stack trace:
[27-Oct-2018 17:16:38 UTC] PHP   1. {main}() /home/ubuntu/workspace/cst336/Labs/Lab6/purchaseHistory.php:0
[27-Oct-2018 17:17:34 UTC] PHP Warning:  Invalid argument supplied for foreach() in /home/ubuntu/workspace/cst336/Labs/Lab6/purchaseHistory.php on line 22
[27-Oct-2018 17:17:34 UTC] PHP Stack trace:
[27-Oct-2018 17:17:34 UTC] PHP   1. {main}() /home/ubuntu/workspace/cst336/Labs/Lab6/purchaseHistory.php:0
[18-Nov-2018 02:24:13 UTC] PHP Fatal error:  Call to undefined function startConnection() in /home/ubuntu/workspace/cst336/Labs/Lab7/loginProcess.php on line 4
[18-Nov-2018 02:24:13 UTC] PHP Stack trace:
[18-Nov-2018 02:24:13 UTC] PHP   1. {main}() /home/ubuntu/workspace/cst336/Labs/Lab7/loginProcess.php:0
[18-Nov-2018 02:25:33 UTC] PHP Fatal error:  Call to undefined function startConnection() in /home/ubuntu/workspace/cst336/Labs/Lab7/loginProcess.php on line 6
[18-Nov-2018 02:25:33 UTC] PHP Stack trace:
[18-Nov-2018 02:25:33 UTC] PHP   1. {main}() /home/ubuntu/workspace/cst336/Labs/Lab7/loginProcess.php:0
[18-Nov-2018 03:15:59 UTC] PHP Fatal error:  Call to undefined function displayAllProducts() in /home/ubuntu/workspace/cst336/Labs/Lab7/admin.php on line 18
[18-Nov-2018 03:15:59 UTC] PHP Stack trace:
[18-Nov-2018 03:15:59 UTC] PHP   1. {main}() /home/ubuntu/workspace/cst336/Labs/Lab7/admin.php:0
[18-Nov-2018 03:16:53 UTC] PHP Fatal error:  Call to a member function prepare() on a non-object in /home/ubuntu/workspace/cst336/Labs/Lab7/admin.php on line 10
[18-Nov-2018 03:16:53 UTC] PHP Stack trace:
[18-Nov-2018 03:16:53 UTC] PHP   1. {main}() /home/ubuntu/workspace/cst336/Labs/Lab7/admin.php:0
[18-Nov-2018 03:16:53 UTC] PHP   2. displayAllProducts() /home/ubuntu/workspace/cst336/Labs/Lab7/admin.php:18
[18-Nov-2018 03:21:43 UTC] PHP Fatal error:  Call to a member function prepare() on a non-object in /home/ubuntu/workspace/cst336/Labs/Lab7/admin.php on line 10
[18-Nov-2018 03:21:43 UTC] PHP Stack trace:
[18-Nov-2018 03:21:43 UTC] PHP   1. {main}() /home/ubuntu/workspace/cst336/Labs/Lab7/admin.php:0
[18-Nov-2018 03:21:43 UTC] PHP   2. displayAllProducts() /home/ubuntu/workspace/cst336/Labs/Lab7/admin.php:18
[18-Nov-2018 03:24:25 UTC] PHP Fatal error:  Call to a member function prepare() on a non-object in /home/ubuntu/workspace/cst336/Labs/Lab7/admin.php on line 10
[18-Nov-2018 03:24:25 UTC] PHP Stack trace:
[18-Nov-2018 03:24:25 UTC] PHP   1. {main}() /home/ubuntu/workspace/cst336/Labs/Lab7/admin.php:0
[18-Nov-2018 03:24:25 UTC] PHP   2. displayAllProducts() /home/ubuntu/workspace/cst336/Labs/Lab7/admin.php:18
[18-Nov-2018 03:26:58 UTC] PHP Fatal error:  Call to a member function prepare() on a non-object in /home/ubuntu/workspace/cst336/Labs/Lab7/loginProcess.php on line 23
[18-Nov-2018 03:26:58 UTC] PHP Stack trace:
[18-Nov-2018 03:26:58 UTC] PHP   1. {main}() /home/ubuntu/workspace/cst336/Labs/Lab7/loginProcess.php:0
[18-Nov-2018 03:29:02 UTC] PHP Fatal error:  Call to a member function prepare() on a non-object in /home/ubuntu/workspace/cst336/Labs/Lab7/loginProcess.php on line 23
[18-Nov-2018 03:29:02 UTC] PHP Stack trace:
[18-Nov-2018 03:29:02 UTC] PHP   1. {main}() /home/ubuntu/workspace/cst336/Labs/Lab7/loginProcess.php:0
[18-Nov-2018 03:31:17 UTC] PHP Fatal error:  Call to a member function prepare() on a non-object in /home/ubuntu/workspace/cst336/Labs/Lab7/admin.php on line 10
[18-Nov-2018 03:31:17 UTC] PHP Stack trace:
[18-Nov-2018 03:31:17 UTC] PHP   1. {main}() /home/ubuntu/workspace/cst336/Labs/Lab7/admin.php:0
[18-Nov-2018 03:31:17 UTC] PHP   2. displayAllProducts() /home/ubuntu/workspace/cst336/Labs/Lab7/admin.php:19
[18-Nov-2018 03:34:39 UTC] PHP Fatal error:  Call to a member function prepare() on a non-object in /home/ubuntu/workspace/cst336/Labs/Lab7/admin.php on line 12
[18-Nov-2018 03:34:39 UTC] PHP Stack trace:
[18-Nov-2018 03:34:39 UTC] PHP   1. {main}() /home/ubuntu/workspace/cst336/Labs/Lab7/admin.php:0
[18-Nov-2018 03:34:39 UTC] PHP   2. displayAllProducts() /home/ubuntu/workspace/cst336/Labs/Lab7/admin.php:21
[18-Nov-2018 03:40:58 UTC] PHP Fatal error:  Call to a member function prepare() on a non-object in /home/ubuntu/workspace/cst336/Labs/Lab7/admin.php on line 12
[18-Nov-2018 03:40:58 UTC] PHP Stack trace:
[18-Nov-2018 03:40:58 UTC] PHP   1. {main}() /home/ubuntu/workspace/cst336/Labs/Lab7/admin.php:0
[18-Nov-2018 03:40:58 UTC] PHP   2. displayAllProducts() /home/ubuntu/workspace/cst336/Labs/Lab7/admin.php:19
[18-Nov-2018 03:41:20 UTC] PHP Fatal error:  Cannot redeclare getDatabaseConnection() (previously declared in /home/ubuntu/workspace/cst336/Labs/Lab7/dbConnection.php:19) in /home/ubuntu/workspace/cst336/Labs/Lab7/dbConnection.php on line 19
[18-Nov-2018 03:41:20 UTC] PHP Stack trace:
[18-Nov-2018 03:41:20 UTC] PHP   1. {main}() /home/ubuntu/workspace/cst336/Labs/Lab7/admin.php:0
[18-Nov-2018 03:41:20 UTC] PHP   2. include() /home/ubuntu/workspace/cst336/Labs/Lab7/admin.php:4
[18-Nov-2018 03:49:32 UTC] PHP Warning:  PDOStatement::execute(): MySQL server has gone away in /home/ubuntu/workspace/cst336/Labs/Lab7/loginProcess.php on line 24
[18-Nov-2018 03:49:32 UTC] PHP Stack trace:
[18-Nov-2018 03:49:32 UTC] PHP   1. {main}() /home/ubuntu/workspace/cst336/Labs/Lab7/loginProcess.php:0
[18-Nov-2018 03:49:32 UTC] PHP   2. PDOStatement->execute(*uninitialized*) /home/ubuntu/workspace/cst336/Labs/Lab7/loginProcess.php:24
[18-Nov-2018 03:49:32 UTC] PHP Warning:  PDOStatement::execute(): Error reading result set's header in /home/ubuntu/workspace/cst336/Labs/Lab7/loginProcess.php on line 24
[18-Nov-2018 03:49:32 UTC] PHP Stack trace:
[18-Nov-2018 03:49:32 UTC] PHP   1. {main}() /home/ubuntu/workspace/cst336/Labs/Lab7/loginProcess.php:0
[18-Nov-2018 03:49:32 UTC] PHP   2. PDOStatement->execute(*uninitialized*) /home/ubuntu/workspace/cst336/Labs/Lab7/loginProcess.php:24
[18-Nov-2018 03:49:32 UTC] PHP Fatal error:  Uncaught exception 'PDOException' with message 'SQLSTATE[HY000]: General error: 2006 MySQL server has gone away' in /home/ubuntu/workspace/cst336/Labs/Lab7/loginProcess.php:24
Stack trace:
#0 /home/ubuntu/workspace/cst336/Labs/Lab7/loginProcess.php(24): PDOStatement->execute(Array)
#1 {main}
  thrown in /home/ubuntu/workspace/cst336/Labs/Lab7/loginProcess.php on line 24
[18-Nov-2018 03:52:43 UTC] PHP Fatal error:  Call to a member function prepare() on a non-object in /home/ubuntu/workspace/cst336/Labs/Lab7/admin.php on line 12
[18-Nov-2018 03:52:43 UTC] PHP Stack trace:
[18-Nov-2018 03:52:43 UTC] PHP   1. {main}() /home/ubuntu/workspace/cst336/Labs/Lab7/admin.php:0
[18-Nov-2018 03:52:43 UTC] PHP   2. displayAllProducts() /home/ubuntu/workspace/cst336/Labs/Lab7/admin.php:19
[18-Nov-2018 03:53:39 UTC] PHP Fatal error:  Call to a member function prepare() on a non-object in /home/ubuntu/workspace/cst336/Labs/Lab7/admin.php on line 12
[18-Nov-2018 03:53:39 UTC] PHP Stack trace:
[18-Nov-2018 03:53:39 UTC] PHP   1. {main}() /home/ubuntu/workspace/cst336/Labs/Lab7/admin.php:0
[18-Nov-2018 03:53:39 UTC] PHP   2. displayAllProducts() /home/ubuntu/workspace/cst336/Labs/Lab7/admin.php:19
[18-Nov-2018 03:53:40 UTC] PHP Fatal error:  Call to a member function prepare() on a non-object in /home/ubuntu/workspace/cst336/Labs/Lab7/admin.php on line 12
[18-Nov-2018 03:53:40 UTC] PHP Stack trace:
[18-Nov-2018 03:53:40 UTC] PHP   1. {main}() /home/ubuntu/workspace/cst336/Labs/Lab7/admin.php:0
[18-Nov-2018 03:53:40 UTC] PHP   2. displayAllProducts() /home/ubuntu/workspace/cst336/Labs/Lab7/admin.php:19
[18-Nov-2018 03:53:41 UTC] PHP Fatal error:  Call to a member function prepare() on a non-object in /home/ubuntu/workspace/cst336/Labs/Lab7/admin.php on line 12
[18-Nov-2018 03:53:41 UTC] PHP Stack trace:
[18-Nov-2018 03:53:41 UTC] PHP   1. {main}() /home/ubuntu/workspace/cst336/Labs/Lab7/admin.php:0
[18-Nov-2018 03:53:41 UTC] PHP   2. displayAllProducts() /home/ubuntu/workspace/cst336/Labs/Lab7/admin.php:19
[18-Nov-2018 03:53:43 UTC] PHP Fatal error:  Call to a member function prepare() on a non-object in /home/ubuntu/workspace/cst336/Labs/Lab7/admin.php on line 12
[18-Nov-2018 03:53:43 UTC] PHP Stack trace:
[18-Nov-2018 03:53:43 UTC] PHP   1. {main}() /home/ubuntu/workspace/cst336/Labs/Lab7/admin.php:0
[18-Nov-2018 03:53:43 UTC] PHP   2. displayAllProducts() /home/ubuntu/workspace/cst336/Labs/Lab7/admin.php:19
[18-Nov-2018 03:54:34 UTC] PHP Fatal error:  Call to a member function prepare() on a non-object in /home/ubuntu/workspace/cst336/Labs/Lab7/admin.php on line 12
[18-Nov-2018 03:54:34 UTC] PHP Stack trace:
[18-Nov-2018 03:54:34 UTC] PHP   1. {main}() /home/ubuntu/workspace/cst336/Labs/Lab7/admin.php:0
[18-Nov-2018 03:54:34 UTC] PHP   2. displayAllProducts() /home/ubuntu/workspace/cst336/Labs/Lab7/admin.php:19
[18-Nov-2018 04:09:51 UTC] PHP Fatal error:  Call to a member function prepare() on a non-object in /home/ubuntu/workspace/cst336/Labs/Lab7/admin.php on line 12
[18-Nov-2018 04:09:51 UTC] PHP Stack trace:
[18-Nov-2018 04:09:51 UTC] PHP   1. {main}() /home/ubuntu/workspace/cst336/Labs/Lab7/admin.php:0
[18-Nov-2018 04:09:51 UTC] PHP   2. displayAllProducts() /home/ubuntu/workspace/cst336/Labs/Lab7/admin.php:19
[18-Nov-2018 04:16:59 UTC] PHP Fatal error:  Call to a member function prepare() on a non-object in /home/ubuntu/workspace/cst336/Labs/Lab7/admin.php on line 12
[18-Nov-2018 04:16:59 UTC] PHP Stack trace:
[18-Nov-2018 04:16:59 UTC] PHP   1. {main}() /home/ubuntu/workspace/cst336/Labs/Lab7/admin.php:0
[18-Nov-2018 04:16:59 UTC] PHP   2. displayAllProducts() /home/ubuntu/workspace/cst336/Labs/Lab7/admin.php:19
[18-Nov-2018 04:27:36 UTC] PHP Parse error:  syntax error, unexpected '$conn' (T_VARIABLE), expecting identifier (T_STRING) in /home/ubuntu/workspace/cst336/Labs/Lab7/loginProcess.php on line 5
[18-Nov-2018 07:08:20 UTC] PHP Fatal error:  Uncaught exception 'PDOException' with message 'SQLSTATE[42000]: Syntax error or access violation: 1064 You have an error in your SQL syntax; check the manual that corresponds to your MySQL server version for the right syntax to use near '' at line 1' in /home/ubuntu/workspace/cst336/Labs/Lab7/updateProduct.php:19
Stack trace:
#0 /home/ubuntu/workspace/cst336/Labs/Lab7/updateProduct.php(19): PDOStatement->execute()
#1 /home/ubuntu/workspace/cst336/Labs/Lab7/updateProduct.php(62): getProductInfo()
#2 {main}
  thrown in /home/ubuntu/workspace/cst336/Labs/Lab7/updateProduct.php on line 19
[18-Nov-2018 07:17:13 UTC] PHP Fatal error:  Uncaught exception 'PDOException' with message 'SQLSTATE[HY093]: Invalid parameter number: number of bound variables does not match number of tokens' in /home/ubuntu/workspace/cst336/Labs/Lab7/addProduct.php:43
Stack trace:
#0 /home/ubuntu/workspace/cst336/Labs/Lab7/addProduct.php(43): PDOStatement->execute(Array)
#1 {main}
  thrown in /home/ubuntu/workspace/cst336/Labs/Lab7/addProduct.php on line 43
[18-Nov-2018 07:18:59 UTC] PHP Fatal error:  Uncaught exception 'PDOException' with message 'SQLSTATE[23000]: Integrity constraint violation: 1048 Column 'price' cannot be null' in /home/ubuntu/workspace/cst336/Labs/Lab7/addProduct.php:43
Stack trace:
#0 /home/ubuntu/workspace/cst336/Labs/Lab7/addProduct.php(43): PDOStatement->execute(Array)
#1 {main}
  thrown in /home/ubuntu/workspace/cst336/Labs/Lab7/addProduct.php on line 43
[18-Nov-2018 07:21:26 UTC] PHP Fatal error:  Uncaught exception 'PDOException' with message 'SQLSTATE[23000]: Integrity constraint violation: 1048 Column 'price' cannot be null' in /home/ubuntu/workspace/cst336/Labs/Lab7/addProduct.php:43
Stack trace:
#0 /home/ubuntu/workspace/cst336/Labs/Lab7/addProduct.php(43): PDOStatement->execute(Array)
#1 {main}
  thrown in /home/ubuntu/workspace/cst336/Labs/Lab7/addProduct.php on line 43
[18-Nov-2018 07:23:03 UTC] PHP Fatal error:  Uncaught exception 'PDOException' with message 'SQLSTATE[23000]: Integrity constraint violation: 1048 Column 'catId' cannot be null' in /home/ubuntu/workspace/cst336/Labs/Lab7/addProduct.php:43
Stack trace:
#0 /home/ubuntu/workspace/cst336/Labs/Lab7/addProduct.php(43): PDOStatement->execute(Array)
#1 {main}
  thrown in /home/ubuntu/workspace/cst336/Labs/Lab7/addProduct.php on line 43
[18-Nov-2018 07:23:18 UTC] PHP Fatal error:  Uncaught exception 'PDOException' with message 'SQLSTATE[23000]: Integrity constraint violation: 1048 Column 'catId' cannot be null' in /home/ubuntu/workspace/cst336/Labs/Lab7/addProduct.php:43
Stack trace:
#0 /home/ubuntu/workspace/cst336/Labs/Lab7/addProduct.php(43): PDOStatement->execute(Array)
#1 {main}
  thrown in /home/ubuntu/workspace/cst336/Labs/Lab7/addProduct.php on line 43
[18-Nov-2018 07:24:36 UTC] PHP Fatal error:  Uncaught exception 'PDOException' with message 'SQLSTATE[42000]: Syntax error or access violation: 1064 You have an error in your SQL syntax; check the manual that corresponds to your MySQL server version for the right syntax to use near '' at line 1' in /home/ubuntu/workspace/cst336/Labs/Lab7/updateProduct.php:19
Stack trace:
#0 /home/ubuntu/workspace/cst336/Labs/Lab7/updateProduct.php(19): PDOStatement->execute()
#1 /home/ubuntu/workspace/cst336/Labs/Lab7/updateProduct.php(62): getProductInfo()
#2 {main}
  thrown in /home/ubuntu/workspace/cst336/Labs/Lab7/updateProduct.php on line 19
[18-Nov-2018 07:25:36 UTC] PHP Fatal error:  Uncaught exception 'PDOException' with message 'SQLSTATE[42000]: Syntax error or access violation: 1064 You have an error in your SQL syntax; check the manual that corresponds to your MySQL server version for the right syntax to use near '' at line 1' in /home/ubuntu/workspace/cst336/Labs/Lab7/updateProduct.php:19
Stack trace:
#0 /home/ubuntu/workspace/cst336/Labs/Lab7/updateProduct.php(19): PDOStatement->execute()
#1 /home/ubuntu/workspace/cst336/Labs/Lab7/updateProduct.php(62): getProductInfo()
#2 {main}
  thrown in /home/ubuntu/workspace/cst336/Labs/Lab7/updateProduct.php on line 19
[18-Nov-2018 07:25:39 UTC] PHP Fatal error:  Uncaught exception 'PDOException' with message 'SQLSTATE[42000]: Syntax error or access violation: 1064 You have an error in your SQL syntax; check the manual that corresponds to your MySQL server version for the right syntax to use near '' at line 1' in /home/ubuntu/workspace/cst336/Labs/Lab7/updateProduct.php:19
Stack trace:
#0 /home/ubuntu/workspace/cst336/Labs/Lab7/updateProduct.php(19): PDOStatement->execute()
#1 /home/ubuntu/workspace/cst336/Labs/Lab7/updateProduct.php(62): getProductInfo()
#2 {main}
  thrown in /home/ubuntu/workspace/cst336/Labs/Lab7/updateProduct.php on line 19
[18-Nov-2018 07:25:41 UTC] PHP Fatal error:  Uncaught exception 'PDOException' with message 'SQLSTATE[42000]: Syntax error or access violation: 1064 You have an error in your SQL syntax; check the manual that corresponds to your MySQL server version for the right syntax to use near '' at line 1' in /home/ubuntu/workspace/cst336/Labs/Lab7/updateProduct.php:19
Stack trace:
#0 /home/ubuntu/workspace/cst336/Labs/Lab7/updateProduct.php(19): PDOStatement->execute()
#1 /home/ubuntu/workspace/cst336/Labs/Lab7/updateProduct.php(62): getProductInfo()
#2 {main}
  thrown in /home/ubuntu/workspace/cst336/Labs/Lab7/updateProduct.php on line 19
[18-Nov-2018 07:25:42 UTC] PHP Fatal error:  Uncaught exception 'PDOException' with message 'SQLSTATE[42000]: Syntax error or access violation: 1064 You have an error in your SQL syntax; check the manual that corresponds to your MySQL server version for the right syntax to use near '' at line 1' in /home/ubuntu/workspace/cst336/Labs/Lab7/updateProduct.php:19
Stack trace:
#0 /home/ubuntu/workspace/cst336/Labs/Lab7/updateProduct.php(19): PDOStatement->execute()
#1 /home/ubuntu/workspace/cst336/Labs/Lab7/updateProduct.php(62): getProductInfo()
#2 {main}
  thrown in /home/ubuntu/workspace/cst336/Labs/Lab7/updateProduct.php on line 19
[18-Nov-2018 07:26:11 UTC] PHP Fatal error:  Uncaught exception 'PDOException' with message 'SQLSTATE[42000]: Syntax error or access violation: 1064 You have an error in your SQL syntax; check the manual that corresponds to your MySQL server version for the right syntax to use near '' at line 1' in /home/ubuntu/workspace/cst336/Labs/Lab7/updateProduct.php:19
Stack trace:
#0 /home/ubuntu/workspace/cst336/Labs/Lab7/updateProduct.php(19): PDOStatement->execute()
#1 /home/ubuntu/workspace/cst336/Labs/Lab7/updateProduct.php(62): getProductInfo()
#2 {main}
  thrown in /home/ubuntu/workspace/cst336/Labs/Lab7/updateProduct.php on line 19
[18-Nov-2018 07:30:17 UTC] PHP Fatal error:  Uncaught exception 'PDOException' with message 'SQLSTATE[42000]: Syntax error or access violation: 1064 You have an error in your SQL syntax; check the manual that corresponds to your MySQL server version for the right syntax to use near '' at line 1' in /home/ubuntu/workspace/cst336/Labs/Lab7/updateProduct.php:19
Stack trace:
#0 /home/ubuntu/workspace/cst336/Labs/Lab7/updateProduct.php(19): PDOStatement->execute()
#1 /home/ubuntu/workspace/cst336/Labs/Lab7/updateProduct.php(62): getProductInfo()
#2 {main}
  thrown in /home/ubuntu/workspace/cst336/Labs/Lab7/updateProduct.php on line 19
[18-Nov-2018 07:30:42 UTC] PHP Fatal error:  Uncaught exception 'PDOException' with message 'SQLSTATE[42000]: Syntax error or access violation: 1064 You have an error in your SQL syntax; check the manual that corresponds to your MySQL server version for the right syntax to use near '' at line 1' in /home/ubuntu/workspace/cst336/Labs/Lab7/updateProduct.php:19
Stack trace:
#0 /home/ubuntu/workspace/cst336/Labs/Lab7/updateProduct.php(19): PDOStatement->execute()
#1 /home/ubuntu/workspace/cst336/Labs/Lab7/updateProduct.php(62): getProductInfo()
#2 {main}
  thrown in /home/ubuntu/workspace/cst336/Labs/Lab7/updateProduct.php on line 19
[02-Dec-2018 06:15:55 UTC] PHP Warning:  include(../../inc/dbConnection.php): failed to open stream: No such file or directory in /home/ubuntu/workspace/cst336/Labs/Lab9/checkUsername.php on line 3
[02-Dec-2018 06:15:55 UTC] PHP Stack trace:
[02-Dec-2018 06:15:55 UTC] PHP   1. {main}() /home/ubuntu/workspace/cst336/Labs/Lab9/checkUsername.php:0
[02-Dec-2018 06:15:55 UTC] PHP Warning:  include(): Failed opening '../../inc/dbConnection.php' for inclusion (include_path='.:/usr/share/php:/usr/share/pear') in /home/ubuntu/workspace/cst336/Labs/Lab9/checkUsername.php on line 3
[02-Dec-2018 06:15:55 UTC] PHP Stack trace:
[02-Dec-2018 06:15:55 UTC] PHP   1. {main}() /home/ubuntu/workspace/cst336/Labs/Lab9/checkUsername.php:0
[02-Dec-2018 06:15:55 UTC] PHP Fatal error:  Call to undefined function startConnection() in /home/ubuntu/workspace/cst336/Labs/Lab9/checkUsername.php on line 4
[02-Dec-2018 06:15:55 UTC] PHP Stack trace:
[02-Dec-2018 06:15:55 UTC] PHP   1. {main}() /home/ubuntu/workspace/cst336/Labs/Lab9/checkUsername.php:0
[02-Dec-2018 06:17:11 UTC] PHP Warning:  include(../../inc/dbConnection.php): failed to open stream: No such file or directory in /home/ubuntu/workspace/cst336/Labs/Lab9/checkUsername.php on line 3
[02-Dec-2018 06:17:11 UTC] PHP Stack trace:
[02-Dec-2018 06:17:11 UTC] PHP   1. {main}() /home/ubuntu/workspace/cst336/Labs/Lab9/checkUsername.php:0
[02-Dec-2018 06:17:11 UTC] PHP Warning:  include(): Failed opening '../../inc/dbConnection.php' for inclusion (include_path='.:/usr/share/php:/usr/share/pear') in /home/ubuntu/workspace/cst336/Labs/Lab9/checkUsername.php on line 3
[02-Dec-2018 06:17:11 UTC] PHP Stack trace:
[02-Dec-2018 06:17:11 UTC] PHP   1. {main}() /home/ubuntu/workspace/cst336/Labs/Lab9/checkUsername.php:0
[02-Dec-2018 06:17:11 UTC] PHP Fatal error:  Call to undefined function startConnection() in /home/ubuntu/workspace/cst336/Labs/Lab9/checkUsername.php on line 4
[02-Dec-2018 06:17:11 UTC] PHP Stack trace:
[02-Dec-2018 06:17:11 UTC] PHP   1. {main}() /home/ubuntu/workspace/cst336/Labs/Lab9/checkUsername.php:0
[02-Dec-2018 07:29:29 UTC] PHP Fatal error:  Call to undefined function startConnection() in /home/ubuntu/workspace/cst336/Labs/Lab9/checkUsername.php on line 4
[02-Dec-2018 07:29:29 UTC] PHP Stack trace:
[02-Dec-2018 07:29:29 UTC] PHP   1. {main}() /home/ubuntu/workspace/cst336/Labs/Lab9/checkUsername.php:0
[02-Dec-2018 07:30:46 UTC] PHP Fatal error:  Call to undefined function startConnection() in /home/ubuntu/workspace/cst336/Labs/Lab9/checkUsername.php on line 4
[02-Dec-2018 07:30:46 UTC] PHP Stack trace:
[02-Dec-2018 07:30:46 UTC] PHP   1. {main}() /home/ubuntu/workspace/cst336/Labs/Lab9/checkUsername.php:0
[02-Dec-2018 07:31:47 UTC] PHP Fatal error:  Call to undefined function startConnection() in /home/ubuntu/workspace/cst336/Labs/Lab9/checkUsername.php on line 4
[02-Dec-2018 07:31:47 UTC] PHP Stack trace:
[02-Dec-2018 07:31:47 UTC] PHP   1. {main}() /home/ubuntu/workspace/cst336/Labs/Lab9/checkUsername.php:0
[02-Dec-2018 07:32:08 UTC] PHP Fatal error:  Call to undefined function startConnection() in /home/ubuntu/workspace/cst336/Labs/Lab9/checkUsername.php on line 4
[02-Dec-2018 07:32:08 UTC] PHP Stack trace:
[02-Dec-2018 07:32:08 UTC] PHP   1. {main}() /home/ubuntu/workspace/cst336/Labs/Lab9/checkUsername.php:0
[02-Dec-2018 07:32:42 UTC] PHP Fatal error:  Call to undefined function startConnection() in /home/ubuntu/workspace/cst336/Labs/Lab9/checkUsername.php on line 4
[02-Dec-2018 07:32:42 UTC] PHP Stack trace:
[02-Dec-2018 07:32:42 UTC] PHP   1. {main}() /home/ubuntu/workspace/cst336/Labs/Lab9/checkUsername.php:0
[02-Dec-2018 07:34:03 UTC] PHP Fatal error:  Call to undefined function startConnection() in /home/ubuntu/workspace/cst336/Labs/Lab9/checkUsername.php on line 4
[02-Dec-2018 07:34:03 UTC] PHP Stack trace:
[02-Dec-2018 07:34:03 UTC] PHP   1. {main}() /home/ubuntu/workspace/cst336/Labs/Lab9/checkUsername.php:0
[03-Dec-2018 22:54:11 UTC] PHP Warning:  include(../..inc/dbConnection.php): failed to open stream: No such file or directory in /home/ubuntu/workspace/cst336/Labs/Lab10/pets.php on line 2
[03-Dec-2018 22:54:11 UTC] PHP Stack trace:
[03-Dec-2018 22:54:11 UTC] PHP   1. {main}() /home/ubuntu/workspace/cst336/Labs/Lab10/pets.php:0
[03-Dec-2018 22:54:11 UTC] PHP Warning:  include(): Failed opening '../..inc/dbConnection.php' for inclusion (include_path='.:/usr/share/php:/usr/share/pear') in /home/ubuntu/workspace/cst336/Labs/Lab10/pets.php on line 2
[03-Dec-2018 22:54:11 UTC] PHP Stack trace:
[03-Dec-2018 22:54:11 UTC] PHP   1. {main}() /home/ubuntu/workspace/cst336/Labs/Lab10/pets.php:0
[03-Dec-2018 22:54:11 UTC] PHP Fatal error:  Call to undefined function startConnection() in /home/ubuntu/workspace/cst336/Labs/Lab10/pets.php on line 3
[03-Dec-2018 22:54:11 UTC] PHP Stack trace:
[03-Dec-2018 22:54:11 UTC] PHP   1. {main}() /home/ubuntu/workspace/cst336/Labs/Lab10/pets.php:0
[03-Dec-2018 22:54:58 UTC] PHP Warning:  include(../..inc/dbConnection.php): failed to open stream: No such file or directory in /home/ubuntu/workspace/cst336/Labs/Lab10/pets.php on line 2
[03-Dec-2018 22:54:58 UTC] PHP Stack trace:
[03-Dec-2018 22:54:58 UTC] PHP   1. {main}() /home/ubuntu/workspace/cst336/Labs/Lab10/pets.php:0
[03-Dec-2018 22:54:58 UTC] PHP Warning:  include(): Failed opening '../..inc/dbConnection.php' for inclusion (include_path='.:/usr/share/php:/usr/share/pear') in /home/ubuntu/workspace/cst336/Labs/Lab10/pets.php on line 2
[03-Dec-2018 22:54:58 UTC] PHP Stack trace:
[03-Dec-2018 22:54:58 UTC] PHP   1. {main}() /home/ubuntu/workspace/cst336/Labs/Lab10/pets.php:0
[03-Dec-2018 22:54:58 UTC] PHP Fatal error:  Call to undefined function startConnection() in /home/ubuntu/workspace/cst336/Labs/Lab10/pets.php on line 3
[03-Dec-2018 22:54:58 UTC] PHP Stack trace:
[03-Dec-2018 22:54:58 UTC] PHP   1. {main}() /home/ubuntu/workspace/cst336/Labs/Lab10/pets.php:0
[03-Dec-2018 22:54:59 UTC] PHP Warning:  include(../..inc/dbConnection.php): failed to open stream: No such file or directory in /home/ubuntu/workspace/cst336/Labs/Lab10/pets.php on line 2
[03-Dec-2018 22:54:59 UTC] PHP Stack trace:
[03-Dec-2018 22:54:59 UTC] PHP   1. {main}() /home/ubuntu/workspace/cst336/Labs/Lab10/pets.php:0
[03-Dec-2018 22:54:59 UTC] PHP Warning:  include(): Failed opening '../..inc/dbConnection.php' for inclusion (include_path='.:/usr/share/php:/usr/share/pear') in /home/ubuntu/workspace/cst336/Labs/Lab10/pets.php on line 2
[03-Dec-2018 22:54:59 UTC] PHP Stack trace:
[03-Dec-2018 22:54:59 UTC] PHP   1. {main}() /home/ubuntu/workspace/cst336/Labs/Lab10/pets.php:0
[03-Dec-2018 22:54:59 UTC] PHP Fatal error:  Call to undefined function startConnection() in /home/ubuntu/workspace/cst336/Labs/Lab10/pets.php on line 3
[03-Dec-2018 22:54:59 UTC] PHP Stack trace:
[03-Dec-2018 22:54:59 UTC] PHP   1. {main}() /home/ubuntu/workspace/cst336/Labs/Lab10/pets.php:0
[03-Dec-2018 22:56:45 UTC] PHP Warning:  include(../..inc/dbConnection.php): failed to open stream: No such file or directory in /home/ubuntu/workspace/cst336/Labs/Lab10/pets.php on line 2
[03-Dec-2018 22:56:45 UTC] PHP Stack trace:
[03-Dec-2018 22:56:45 UTC] PHP   1. {main}() /home/ubuntu/workspace/cst336/Labs/Lab10/pets.php:0
[03-Dec-2018 22:56:45 UTC] PHP Warning:  include(): Failed opening '../..inc/dbConnection.php' for inclusion (include_path='.:/usr/share/php:/usr/share/pear') in /home/ubuntu/workspace/cst336/Labs/Lab10/pets.php on line 2
[03-Dec-2018 22:56:45 UTC] PHP Stack trace:
[03-Dec-2018 22:56:45 UTC] PHP   1. {main}() /home/ubuntu/workspace/cst336/Labs/Lab10/pets.php:0
[03-Dec-2018 22:56:45 UTC] PHP Fatal error:  Call to undefined function startConnection() in /home/ubuntu/workspace/cst336/Labs/Lab10/pets.php on line 3
[03-Dec-2018 22:56:45 UTC] PHP Stack trace:
[03-Dec-2018 22:56:45 UTC] PHP   1. {main}() /home/ubuntu/workspace/cst336/Labs/Lab10/pets.php:0
[03-Dec-2018 22:56:50 UTC] PHP Warning:  include(../..inc/dbConnection.php): failed to open stream: No such file or directory in /home/ubuntu/workspace/cst336/Labs/Lab10/pets.php on line 2
[03-Dec-2018 22:56:50 UTC] PHP Stack trace:
[03-Dec-2018 22:56:50 UTC] PHP   1. {main}() /home/ubuntu/workspace/cst336/Labs/Lab10/pets.php:0
[03-Dec-2018 22:56:50 UTC] PHP Warning:  include(): Failed opening '../..inc/dbConnection.php' for inclusion (include_path='.:/usr/share/php:/usr/share/pear') in /home/ubuntu/workspace/cst336/Labs/Lab10/pets.php on line 2
[03-Dec-2018 22:56:50 UTC] PHP Stack trace:
[03-Dec-2018 22:56:50 UTC] PHP   1. {main}() /home/ubuntu/workspace/cst336/Labs/Lab10/pets.php:0
[03-Dec-2018 22:56:50 UTC] PHP Fatal error:  Call to undefined function startConnection() in /home/ubuntu/workspace/cst336/Labs/Lab10/pets.php on line 3
[03-Dec-2018 22:56:50 UTC] PHP Stack trace:
[03-Dec-2018 22:56:50 UTC] PHP   1. {main}() /home/ubuntu/workspace/cst336/Labs/Lab10/pets.php:0
[03-Dec-2018 22:57:58 UTC] PHP Warning:  include(../..inc/dbConnection.php): failed to open stream: No such file or directory in /home/ubuntu/workspace/cst336/Labs/Lab10/pets.php on line 2
[03-Dec-2018 22:57:58 UTC] PHP Stack trace:
[03-Dec-2018 22:57:58 UTC] PHP   1. {main}() /home/ubuntu/workspace/cst336/Labs/Lab10/pets.php:0
[03-Dec-2018 22:57:58 UTC] PHP Warning:  include(): Failed opening '../..inc/dbConnection.php' for inclusion (include_path='.:/usr/share/php:/usr/share/pear') in /home/ubuntu/workspace/cst336/Labs/Lab10/pets.php on line 2
[03-Dec-2018 22:57:58 UTC] PHP Stack trace:
[03-Dec-2018 22:57:58 UTC] PHP   1. {main}() /home/ubuntu/workspace/cst336/Labs/Lab10/pets.php:0
[03-Dec-2018 22:57:58 UTC] PHP Fatal error:  Call to undefined function startConnection() in /home/ubuntu/workspace/cst336/Labs/Lab10/pets.php on line 3
[03-Dec-2018 22:57:58 UTC] PHP Stack trace:
[03-Dec-2018 22:57:58 UTC] PHP   1. {main}() /home/ubuntu/workspace/cst336/Labs/Lab10/pets.php:0
[03-Dec-2018 22:58:59 UTC] PHP Fatal error:  Call to a member function prepare() on a non-object in /home/ubuntu/workspace/cst336/Labs/Lab10/pets.php on line 11
[03-Dec-2018 22:58:59 UTC] PHP Stack trace:
[03-Dec-2018 22:58:59 UTC] PHP   1. {main}() /home/ubuntu/workspace/cst336/Labs/Lab10/pets.php:0
[03-Dec-2018 22:58:59 UTC] PHP   2. getAllPets() /home/ubuntu/workspace/cst336/Labs/Lab10/pets.php:40
[07-Dec-2018 21:58:26 UTC] PHP Fatal error:  Maximum execution time of 300 seconds exceeded in /home/ubuntu/workspace/cst336/Labs/Lab10/index.php on line 43
[07-Dec-2018 21:58:26 UTC] PHP Stack trace:
[07-Dec-2018 21:58:26 UTC] PHP   1. {main}() /home/ubuntu/workspace/cst336/Labs/Lab10/index.php:0
