[12-Dec-2018 11:09:44 UTC] PHP Fatal error:  Uncaught exception 'PDOException' with message 'SQLSTATE[42S22]: Column not found: 1054 Unknown column 'id' in 'where clause'' in /home/ubuntu/workspace/cst336/Final_Project/api/getResponse.php:8
Stack trace:
#0 /home/ubuntu/workspace/cst336/Final_Project/api/getResponse.php(8): PDOStatement->execute()
#1 {main}
  thrown in /home/ubuntu/workspace/cst336/Final_Project/api/getResponse.php on line 8
[12-Dec-2018 11:10:27 UTC] PHP Fatal error:  Uncaught exception 'PDOException' with message 'SQLSTATE[42S22]: Column not found: 1054 Unknown column 'id' in 'where clause'' in /home/ubuntu/workspace/cst336/Final_Project/api/getResponse.php:8
Stack trace:
#0 /home/ubuntu/workspace/cst336/Final_Project/api/getResponse.php(8): PDOStatement->execute()
#1 {main}
  thrown in /home/ubuntu/workspace/cst336/Final_Project/api/getResponse.php on line 8
[12-Dec-2018 11:11:55 UTC] PHP Fatal error:  Uncaught exception 'PDOException' with message 'SQLSTATE[42S22]: Column not found: 1054 Unknown column 'id' in 'where clause'' in /home/ubuntu/workspace/cst336/Final_Project/api/getResponse.php:8
Stack trace:
#0 /home/ubuntu/workspace/cst336/Final_Project/api/getResponse.php(8): PDOStatement->execute()
#1 {main}
  thrown in /home/ubuntu/workspace/cst336/Final_Project/api/getResponse.php on line 8
[12-Dec-2018 11:12:43 UTC] PHP Fatal error:  Uncaught exception 'PDOException' with message 'SQLSTATE[42S22]: Column not found: 1054 Unknown column 'id' in 'where clause'' in /home/ubuntu/workspace/cst336/Final_Project/api/getResponse.php:8
Stack trace:
#0 /home/ubuntu/workspace/cst336/Final_Project/api/getResponse.php(8): PDOStatement->execute()
#1 {main}
  thrown in /home/ubuntu/workspace/cst336/Final_Project/api/getResponse.php on line 8
